#
# There is insufficient memory for the Java Runtime Environment to continue.
# Native memory allocation (mmap) failed to map 266338304 bytes for G1 virtual space
# Possible reasons:
#   The system is out of physical RAM or swap space
#   The process is running with CompressedOops enabled, and the Java Heap may be blocking the growth of the native heap
# Possible solutions:
#   Reduce memory load on the system
#   Increase physical memory or swap space
#   Check if swap backing store is full
#   Decrease Java heap size (-Xmx/-Xms)
#   Decrease number of Java threads
#   Decrease Java thread stack sizes (-Xss)
#   Set larger code cache with -XX:ReservedCodeCacheSize=
#   JVM is running with Zero Based Compressed Oops mode in which the Java heap is
#     placed in the first 32GB address space. The Java Heap base address is the
#     maximum limit for the native heap growth. Please use -XX:HeapBaseMinAddress
#     to set the Java Heap base and to place the Java Heap above 32GB virtual address.
# This output file may be truncated or incomplete.
#
#  Out of Memory Error (os_windows.cpp:3532), pid=22116, tid=79732
#
# JRE version:  (17.0.2+8) (build )
# Java VM: Java HotSpot(TM) 64-Bit Server VM (17.0.2+8-LTS-86, mixed mode, sharing, tiered, compressed oops, compressed class ptrs, g1 gc, windows-amd64)
# No core dump will be written. Minidumps are not enabled by default on client versions of Windows
#

---------------  S U M M A R Y ------------

Command Line: -agentlib:jdwp=transport=dt_socket,server=n,suspend=y,address=127.0.0.1:63605 -Dfile.encoding=windows-1254 -Duser.country=TR -Duser.language=tr -Duser.variant com.examples.leetcodes.LeetcodesApplication

Host: Intel(R) Core(TM) i7-8700 CPU @ 3.20GHz, 12 cores, 15G,  Windows 10 , 64 bit Build 18362 (10.0.18362.1500)
Time: Fri Mar  1 11:52:25 2024 Türkiye Standart Saati elapsed time: 0.011784 seconds (0d 0h 0m 0s)

---------------  T H R E A D  ---------------

Current thread (0x0000029ae51505d0):  JavaThread "Unknown thread" [_thread_in_vm, id=79732, stack(0x000000be3e900000,0x000000be3ea00000)]

Stack: [0x000000be3e900000,0x000000be3ea00000]
Native frames: (J=compiled Java code, j=interpreted, Vv=VM code, C=native code)
V  [jvm.dll+0x670baa]
V  [jvm.dll+0x7cfcb4]
V  [jvm.dll+0x7d145e]
V  [jvm.dll+0x7d1ac3]
V  [jvm.dll+0x242bc5]
V  [jvm.dll+0x66dac9]
V  [jvm.dll+0x662412]
V  [jvm.dll+0x300c0b]
V  [jvm.dll+0x3081a6]
V  [jvm.dll+0x357d0e]
V  [jvm.dll+0x357f3f]
V  [jvm.dll+0x2d7ec8]
V  [jvm.dll+0x2d8e34]
V  [jvm.dll+0x7a18c1]
V  [jvm.dll+0x365a91]
V  [jvm.dll+0x780d2c]
V  [jvm.dll+0x3e845f]
V  [jvm.dll+0x3e9f01]
C  [jli.dll+0x527b]
C  [ucrtbase.dll+0x210b2]
C  [KERNEL32.DLL+0x17c24]
C  [ntdll.dll+0x6d721]


---------------  P R O C E S S  ---------------

Threads class SMR info:
_java_thread_list=0x00007ff9eba59858, length=0, elements={
}

Java Threads: ( => current thread )

Other Threads:
  0x0000029ae51a20d0 GCTaskThread "GC Thread#0" [stack: 0x000000be3ea00000,0x000000be3eb00000] [id=90828]
  0x0000029ae51b2e10 ConcurrentGCThread "G1 Main Marker" [stack: 0x000000be3eb00000,0x000000be3ec00000] [id=53840]
  0x0000029ae51b3820 ConcurrentGCThread "G1 Conc#0" [stack: 0x000000be3ec00000,0x000000be3ed00000] [id=83204]

[error occurred during error reporting (printing all threads), id 0xc0000005, EXCEPTION_ACCESS_VIOLATION (0xc0000005) at pc=0x00007ff9eb2a88a7]

VM state: not at safepoint (not fully initialized)

VM Mutex/Monitor currently owned by a thread:  ([mutex/lock_event])
[0x0000029ae514c520] Heap_lock - owner thread: 0x0000029ae51505d0

Heap address: 0x0000000702000000, size: 4064 MB, Compressed Oops mode: Zero based, Oop shift amount: 3

CDS archive(s) mapped at: [0x0000000000000000-0x0000000000000000-0x0000000000000000), size 0, SharedBaseAddress: 0x0000000800000000, ArchiveRelocationMode: 0.
Narrow klass base: 0x0000000000000000, Narrow klass shift: 0, Narrow klass range: 0x0

GC Precious Log:
<Empty>

Heap:
 garbage-first heap   total 0K, used 0K [0x0000000702000000, 0x0000000800000000)
  region size 2048K, 0 young (0K), 0 survivors (0K)

[error occurred during error reporting (printing heap information), id 0xc0000005, EXCEPTION_ACCESS_VIOLATION (0xc0000005) at pc=0x00007ff9eb689f19]

GC Heap History (0 events):
No events

Deoptimization events (0 events):
No events

Classes unloaded (0 events):
No events

Classes redefined (0 events):
No events

Internal exceptions (0 events):
No events

VM Operations (0 events):
No events

Events (1 events):
Event: 0.007 Loaded shared library C:\Program Files\Java\jdk-17.0.2\bin\java.dll


Dynamic libraries:
0x00007ff7f4a60000 - 0x00007ff7f4a70000 	C:\Program Files\Java\jdk-17.0.2\bin\java.exe
0x00007ffa6f2c0000 - 0x00007ffa6f4b0000 	C:\WINDOWS\SYSTEM32\ntdll.dll
0x00007ffa6e4b0000 - 0x00007ffa6e562000 	C:\WINDOWS\System32\KERNEL32.DLL
0x00007ffa6cfe0000 - 0x00007ffa6d285000 	C:\WINDOWS\System32\KERNELBASE.dll
0x00007ffa6f250000 - 0x00007ffa6f275000 	C:\Program Files (x86)\Common Files\Kaspersky Lab\KES-21-14\klhk\klhk_x64\klhkum.{58.0.11.0}.{15D9CD45-1F5A-472C-8601-DB4CB602B093}.dll
0x00007ffa6cee0000 - 0x00007ffa6cfda000 	C:\WINDOWS\System32\ucrtbase.dll
0x00007ffa48000000 - 0x00007ffa4801a000 	C:\Program Files\Java\jdk-17.0.2\bin\VCRUNTIME140.dll
0x00007ffa4cc80000 - 0x00007ffa4cc98000 	C:\Program Files\Java\jdk-17.0.2\bin\jli.dll
0x00007ffa6d360000 - 0x00007ffa6d403000 	C:\WINDOWS\System32\ADVAPI32.dll
0x00007ffa6d780000 - 0x00007ffa6d81e000 	C:\WINDOWS\System32\msvcrt.dll
0x00007ffa6eae0000 - 0x00007ffa6eb77000 	C:\WINDOWS\System32\sechost.dll
0x00007ffa6d660000 - 0x00007ffa6d77f000 	C:\WINDOWS\System32\RPCRT4.dll
0x00007ffa6d410000 - 0x00007ffa6d5a4000 	C:\WINDOWS\System32\USER32.dll
0x00007ffa6c260000 - 0x00007ffa6c281000 	C:\WINDOWS\System32\win32u.dll
0x00007ffa6d820000 - 0x00007ffa6d846000 	C:\WINDOWS\System32\GDI32.dll
0x00007ffa590f0000 - 0x00007ffa59374000 	C:\WINDOWS\WinSxS\amd64_microsoft.windows.common-controls_6595b64144ccf1df_6.0.18362.1621_none_9e7ba815e46075fc\COMCTL32.dll
0x00007ffa6ccc0000 - 0x00007ffa6ce58000 	C:\WINDOWS\System32\gdi32full.dll
0x00007ffa6e170000 - 0x00007ffa6e4a6000 	C:\WINDOWS\System32\combase.dll
0x00007ffa6cc20000 - 0x00007ffa6ccbe000 	C:\WINDOWS\System32\msvcp_win.dll
0x00007ffa6d290000 - 0x00007ffa6d314000 	C:\WINDOWS\System32\bcryptPrimitives.dll
0x00007ffa65330000 - 0x00007ffa6533a000 	C:\WINDOWS\SYSTEM32\VERSION.dll
0x00007ffa6eda0000 - 0x00007ffa6edce000 	C:\WINDOWS\System32\IMM32.DLL
0x000000006e750000 - 0x000000006e7c2000 	C:\WINDOWS\System32\QIPCAP64.dll
0x00007ffa6d8d0000 - 0x00007ffa6dfb7000 	C:\WINDOWS\System32\SHELL32.dll
0x00007ffa6ce60000 - 0x00007ffa6ceaa000 	C:\WINDOWS\System32\cfgmgr32.dll
0x00007ffa6edd0000 - 0x00007ffa6ee79000 	C:\WINDOWS\System32\shcore.dll
0x00007ffa6c290000 - 0x00007ffa6ca0b000 	C:\WINDOWS\System32\windows.storage.dll
0x00007ffa6c190000 - 0x00007ffa6c1ae000 	C:\WINDOWS\System32\profapi.dll
0x00007ffa6c1b0000 - 0x00007ffa6c1fa000 	C:\WINDOWS\System32\powrprof.dll
0x00007ffa6c140000 - 0x00007ffa6c150000 	C:\WINDOWS\System32\UMPDC.dll
0x00007ffa6ecd0000 - 0x00007ffa6ed22000 	C:\WINDOWS\System32\shlwapi.dll
0x00007ffa6c150000 - 0x00007ffa6c161000 	C:\WINDOWS\System32\kernel.appcore.dll
0x0000029ae2f70000 - 0x0000029ae2f87000 	C:\WINDOWS\System32\cryptsp.dll
0x00007ffa6b690000 - 0x00007ffa6b75a000 	C:\WINDOWS\SYSTEM32\DNSAPI.dll
0x00007ffa6ea60000 - 0x00007ffa6eacf000 	C:\WINDOWS\System32\WS2_32.dll
0x00007ffa6ed30000 - 0x00007ffa6ed38000 	C:\WINDOWS\System32\NSI.dll
0x00007ffa6b650000 - 0x00007ffa6b68a000 	C:\WINDOWS\SYSTEM32\IPHLPAPI.DLL
0x00007ffa65320000 - 0x00007ffa6532c000 	C:\Program Files\Java\jdk-17.0.2\bin\vcruntime140_1.dll
0x00007ffa30b70000 - 0x00007ffa30bfd000 	C:\Program Files\Java\jdk-17.0.2\bin\msvcp140.dll
0x00007ff9eafc0000 - 0x00007ff9ebb81000 	C:\Program Files\Java\jdk-17.0.2\bin\server\jvm.dll
0x00007ffa6e5e0000 - 0x00007ffa6e5e8000 	C:\WINDOWS\System32\PSAPI.DLL
0x00007ffa40f50000 - 0x00007ffa40f59000 	C:\WINDOWS\SYSTEM32\WSOCK32.dll
0x00007ffa6a200000 - 0x00007ffa6a224000 	C:\WINDOWS\SYSTEM32\WINMM.dll
0x00007ffa6a1d0000 - 0x00007ffa6a1fd000 	C:\WINDOWS\SYSTEM32\winmmbase.dll
0x00007ffa64a30000 - 0x00007ffa64a3a000 	C:\Program Files\Java\jdk-17.0.2\bin\jimage.dll
0x00007ffa53de0000 - 0x00007ffa53fd4000 	C:\WINDOWS\SYSTEM32\DBGHELP.DLL
0x00007ffa53920000 - 0x00007ffa5394a000 	C:\WINDOWS\SYSTEM32\dbgcore.DLL
0x00007ffa444b0000 - 0x00007ffa444eb000 	C:\Program Files\Java\jdk-17.0.2\bin\jdwp.dll
0x00007ffa47e30000 - 0x00007ffa47e55000 	C:\Program Files\Java\jdk-17.0.2\bin\java.dll

dbghelp: loaded successfully - version: 4.0.5 - missing functions: none
symbol engine: initialized successfully - sym options: 0x614 - pdb path: .;C:\Program Files\Java\jdk-17.0.2\bin;C:\WINDOWS\SYSTEM32;C:\Program Files (x86)\Common Files\Kaspersky Lab\KES-21-14\klhk\klhk_x64;C:\WINDOWS\WinSxS\amd64_microsoft.windows.common-controls_6595b64144ccf1df_6.0.18362.1621_none_9e7ba815e46075fc;C:\Program Files\Java\jdk-17.0.2\bin\server

VM Arguments:
jvm_args: -agentlib:jdwp=transport=dt_socket,server=n,suspend=y,address=127.0.0.1:63605 -Dfile.encoding=windows-1254 -Duser.country=TR -Duser.language=tr -Duser.variant 
java_command: com.examples.leetcodes.LeetcodesApplication
java_class_path (initial): D:\sbi\exampleProjects\leetcodes\build\classes\java\main;D:\sbi\exampleProjects\leetcodes\build\resources\main;C:\Users\dilaraseyma.cagiran\.gradle\caches\modules-2\files-2.1\org.springframework.boot\spring-boot-starter-web\3.2.2\b89d213d9f49c3e6247b2503ac7d94b0ac8260f6\spring-boot-starter-web-3.2.2.jar;C:\Users\dilaraseyma.cagiran\.gradle\caches\modules-2\files-2.1\org.springframework.boot\spring-boot-starter-json\3.2.2\328f5ce9e10d5f90520e72a3ff8a2586b9e46b37\spring-boot-starter-json-3.2.2.jar;C:\Users\dilaraseyma.cagiran\.gradle\caches\modules-2\files-2.1\org.springframework.boot\spring-boot-starter\3.2.2\dc04714f9295297f92fa8099eb51edc54dbe67db\spring-boot-starter-3.2.2.jar;C:\Users\dilaraseyma.cagiran\.gradle\caches\modules-2\files-2.1\org.springframework.boot\spring-boot-starter-tomcat\3.2.2\e22a0ba37910731b382f3fe47ad36aed20fad24d\spring-boot-starter-tomcat-3.2.2.jar;C:\Users\dilaraseyma.cagiran\.gradle\caches\modules-2\files-2.1\org.springframework\spring-webmvc\6.1.3\f4738a57787add6567e0679eebb1b499a11019cc\spring-webmvc-6.1.3.jar;C:\Users\dilaraseyma.cagiran\.gradle\caches\modules-2\files-2.1\org.springframework\spring-web\6.1.3\cc3459b4abd436331608ddb6424886875f7086ab\spring-web-6.1.3.jar;C:\Users\dilaraseyma.cagiran\.gradle\caches\modules-2\files-2.1\org.springframework.boot\spring-boot-autoconfigure\3.2.2\5c407409f8d260a4bc6e173d16fc3b36e6adec21\spring-boot-autoconfigure-3.2.2.jar;C:\Users\dilaraseyma.cagiran\.gradle\caches\modules-2\files-2.1\org.springframework.boot\spring-boot\3.2.2\9f274d1bd822c4c57bb5b37ecae2380b980f567\spring-boot-3.2.2.jar;C:\Users\dilaraseyma.cagiran\.gradle\caches\modules-2\files-2.1\org.springframework.boot\spring-boot-starter-logging\3.2.2\3347c3b1cec6cf2d5fa186d1e49d2f378a6b7cae\spring-boot-starter-logging-3.2.2.jar;C:\Users\dilaraseyma.cagiran\.gradle\caches\modules-2\files-2.1\jakarta.annotation\jakarta.annotation-api\2.1.1\48b9bda22b091b1f48b13af03fe36db3be6e1ae3\jakarta.annotation-api-2.1.1.j
Launcher Type: SUN_STANDARD

[Global flags]
     intx CICompilerCount                          = 4                                         {product} {ergonomic}
     uint ConcGCThreads                            = 3                                         {product} {ergonomic}
     uint G1ConcRefinementThreads                  = 10                                        {product} {ergonomic}
   size_t G1HeapRegionSize                         = 2097152                                   {product} {ergonomic}
    uintx GCDrainStackTargetSize                   = 64                                        {product} {ergonomic}
   size_t InitialHeapSize                          = 266338304                                 {product} {ergonomic}
   size_t MarkStackSize                            = 4194304                                   {product} {ergonomic}
   size_t MaxHeapSize                              = 4261412864                                {product} {ergonomic}
   size_t MinHeapDeltaBytes                        = 2097152                                   {product} {ergonomic}
   size_t MinHeapSize                              = 8388608                                   {product} {ergonomic}
    uintx NonNMethodCodeHeapSize                   = 5839372                                {pd product} {ergonomic}
    uintx NonProfiledCodeHeapSize                  = 122909434                              {pd product} {ergonomic}
    uintx ProfiledCodeHeapSize                     = 122909434                              {pd product} {ergonomic}
    uintx ReservedCodeCacheSize                    = 251658240                              {pd product} {ergonomic}
     bool SegmentedCodeCache                       = true                                      {product} {ergonomic}
   size_t SoftMaxHeapSize                          = 4261412864                             {manageable} {ergonomic}
     bool UseCompressedClassPointers               = true                           {product lp64_product} {ergonomic}
     bool UseCompressedOops                        = true                           {product lp64_product} {ergonomic}
     bool UseG1GC                                  = true                                      {product} {ergonomic}
     bool UseLargePagesIndividualAllocation        = false                                  {pd product} {ergonomic}

Logging:
Log output configuration:
 #0: stdout all=warning uptime,level,tags
 #1: stderr all=off uptime,level,tags

Environment Variables:
JAVA_HOME=C:\Program Files\Java\jdk1.8.0_311
PATH=C:\Program Files\Common Files\Oracle\Java\javapath;C:\Program Files (x86)\Common Files\Oracle\Java\javapath;C:\WINDOWS\system32;C:\WINDOWS;C:\WINDOWS\System32\Wbem;C:\WINDOWS\System32\WindowsPowerShell\v1.0\;C:\WINDOWS\System32\OpenSSH\;C:\Program Files (x86)\Kaspersky Lab\Endpoint Agent\;C:\Program Files\Git\cmd;C:\Program Files\nodejs\;C:\Program Files (x86)\Enterprise Vault\EVClient\x64\;C:\Program Files\Docker\Docker\resources\bin;C:\Users\dilaraseyma.cagiran\AppData\Local\Microsoft\WindowsApps;C:\Users\dilaraseyma.cagiran\AppData\Local\Programs\Microsoft VS Code\bin;C:\Users\dilaraseyma.cagiran\AppData\Roaming\npm;C:\Program Files\Java\jdk1.8.0_311\bin;
USERNAME=dilara.cagiran
OS=Windows_NT
PROCESSOR_IDENTIFIER=Intel64 Family 6 Model 158 Stepping 10, GenuineIntel



---------------  S Y S T E M  ---------------

OS:
 Windows 10 , 64 bit Build 18362 (10.0.18362.1500)
OS uptime: 25 days 2:01 hours
Hyper-V role detected

CPU: total 12 (initial active 12) (6 cores per cpu, 2 threads per core) family 6 model 158 stepping 10 microcode 0xca, cx8, cmov, fxsr, ht, mmx, 3dnowpref, sse, sse2, sse3, ssse3, sse4.1, sse4.2, popcnt, lzcnt, tsc, tscinvbit, avx, avx2, aes, erms, clmul, bmi1, bmi2, rtm, adx, fma, vzeroupper, clflush, clflushopt, hv

Memory: 4k page, system-wide physical 16250M (765M free)
TotalPageFile size 28520M (AvailPageFile size 233M)
current process WorkingSet (physical memory assigned to process): 12M, peak: 12M
current process commit charge ("private bytes"): 65M, peak: 319M

vm_info: Java HotSpot(TM) 64-Bit Server VM (17.0.2+8-LTS-86) for windows-amd64 JRE (17.0.2+8-LTS-86), built on Dec  7 2021 21:51:03 by "mach5one" with MS VC++ 16.8 / 16.9 (VS2019)

END.
